This is XeTeX, Version 3.14159265-2.6-0.99998 (TeX Live 2017/W32TeX) (preloaded format=xelatex 2017.11.29)  1 DEC 2017 11:43
entering extended mode
 restricted \write18 enabled.
 %&-line parsing enabled.
**./homework.tex
(./homework.tex
LaTeX2e <2017-04-15>
Babel <3.10> and hyphenation patterns for 84 language(s) loaded.
(c:/texlive/2017/texmf-dist/tex/latex/base/article.cls
Document Class: article 2014/09/29 v1.4h Standard LaTeX document class
(c:/texlive/2017/texmf-dist/tex/latex/base/size12.clo
File: size12.clo 2014/09/29 v1.4h Standard LaTeX file (size option)
)
\c@part=\count79
\c@section=\count80
\c@subsection=\count81
\c@subsubsection=\count82
\c@paragraph=\count83
\c@subparagraph=\count84
\c@figure=\count85
\c@table=\count86
\abovecaptionskip=\skip41
\belowcaptionskip=\skip42
\bibindent=\dimen102
)
(c:/texlive/2017/texmf-dist/tex/latex/preprint/fullpage.sty
Package: fullpage 1999/02/23 1.1 (PWD)
\FP@margin=\skip43
)
(c:/texlive/2017/texmf-dist/tex/latex/amsfonts/amsfonts.sty
Package: amsfonts 2013/01/14 v3.01 Basic AMSFonts support
\@emptytoks=\toks14
\symAMSa=\mathgroup4
\symAMSb=\mathgroup5
LaTeX Font Info:    Overwriting math alphabet `\mathfrak' in version `bold'
(Font)                  U/euf/m/n --> U/euf/b/n on input line 106.
)
(c:/texlive/2017/texmf-dist/tex/latex/psnfss/mathpazo.sty
Package: mathpazo 2005/04/12 PSNFSS-v9.2a Palatino w/ Pazo Math (D.Puga, WaS) 
\symupright=\mathgroup6
)
(c:/texlive/2017/texmf-dist/tex/latex/amsmath/amsmath.sty
Package: amsmath 2016/11/05 v2.16a AMS math features
\@mathmargin=\skip44

For additional information on amsmath, use the `?' option.
(c:/texlive/2017/texmf-dist/tex/latex/amsmath/amstext.sty
Package: amstext 2000/06/29 v2.01 AMS text

(c:/texlive/2017/texmf-dist/tex/latex/amsmath/amsgen.sty
File: amsgen.sty 1999/11/30 v2.0 generic functions
\@emptytoks=\toks15
\ex@=\dimen103
))
(c:/texlive/2017/texmf-dist/tex/latex/amsmath/amsbsy.sty
Package: amsbsy 1999/11/29 v1.2d Bold Symbols
\pmbraise@=\dimen104
)
(c:/texlive/2017/texmf-dist/tex/latex/amsmath/amsopn.sty
Package: amsopn 2016/03/08 v2.02 operator names
)
\inf@bad=\count87
LaTeX Info: Redefining \frac on input line 213.
\uproot@=\count88
\leftroot@=\count89
LaTeX Info: Redefining \overline on input line 375.
\classnum@=\count90
\DOTSCASE@=\count91
LaTeX Info: Redefining \ldots on input line 472.
LaTeX Info: Redefining \dots on input line 475.
LaTeX Info: Redefining \cdots on input line 596.
\Mathstrutbox@=\box26
\strutbox@=\box27
\big@size=\dimen105
LaTeX Font Info:    Redeclaring font encoding OML on input line 712.
LaTeX Font Info:    Redeclaring font encoding OMS on input line 713.
\macc@depth=\count92
\c@MaxMatrixCols=\count93
\dotsspace@=\muskip10
\c@parentequation=\count94
\dspbrk@lvl=\count95
\tag@help=\toks16
\row@=\count96
\column@=\count97
\maxfields@=\count98
\andhelp@=\toks17
\eqnshift@=\dimen106
\alignsep@=\dimen107
\tagshift@=\dimen108
\tagwidth@=\dimen109
\totwidth@=\dimen110
\lineht@=\dimen111
\@envbody=\toks18
\multlinegap=\skip45
\multlinetaggap=\skip46
\mathdisplay@stack=\toks19
LaTeX Info: Redefining \[ on input line 2817.
LaTeX Info: Redefining \] on input line 2818.
)
(c:/texlive/2017/texmf-dist/tex/latex/amsfonts/amssymb.sty
Package: amssymb 2013/01/14 v3.01 AMS font symbols
)
(c:/texlive/2017/texmf-dist/tex/latex/geometry/geometry.sty
Package: geometry 2010/09/12 v5.6 Page Geometry

(c:/texlive/2017/texmf-dist/tex/latex/graphics/keyval.sty
Package: keyval 2014/10/28 v1.15 key=value parser (DPC)
\KV@toks@=\toks20
)
(c:/texlive/2017/texmf-dist/tex/generic/oberdiek/ifpdf.sty
Package: ifpdf 2017/03/15 v3.2 Provides the ifpdf switch
)
(c:/texlive/2017/texmf-dist/tex/generic/oberdiek/ifvtex.sty
Package: ifvtex 2016/05/16 v1.6 Detect VTeX and its facilities (HO)
Package ifvtex Info: VTeX not detected.
)
(c:/texlive/2017/texmf-dist/tex/generic/ifxetex/ifxetex.sty
Package: ifxetex 2010/09/12 v0.6 Provides ifxetex conditional
)
\Gm@cnth=\count99
\Gm@cntv=\count100
\c@Gm@tempcnt=\count101
\Gm@bindingoffset=\dimen112
\Gm@wd@mp=\dimen113
\Gm@odd@mp=\dimen114
\Gm@even@mp=\dimen115
\Gm@layoutwidth=\dimen116
\Gm@layoutheight=\dimen117
\Gm@layouthoffset=\dimen118
\Gm@layoutvoffset=\dimen119
\Gm@dimlist=\toks21
)
(c:/texlive/2017/texmf-dist/tex/latex/tools/multicol.sty
Package: multicol 2017/04/11 v1.8q multicolumn formatting (FMi)
\c@tracingmulticols=\count102
\mult@box=\box28
\multicol@leftmargin=\dimen120
\c@unbalance=\count103
\c@collectmore=\count104
\doublecol@number=\count105
\multicoltolerance=\count106
\multicolpretolerance=\count107
\full@width=\dimen121
\page@free=\dimen122
\premulticols=\dimen123
\postmulticols=\dimen124
\multicolsep=\skip47
\multicolbaselineskip=\skip48
\partial@page=\box29
\last@line=\box30
\maxbalancingoverflow=\dimen125
\mult@rightbox=\box31
\mult@grightbox=\box32
\mult@gfirstbox=\box33
\mult@firstbox=\box34
\@tempa=\box35
\@tempa=\box36
\@tempa=\box37
\@tempa=\box38
\@tempa=\box39
\@tempa=\box40
\@tempa=\box41
\@tempa=\box42
\@tempa=\box43
\@tempa=\box44
\@tempa=\box45
\@tempa=\box46
\@tempa=\box47
\@tempa=\box48
\@tempa=\box49
\@tempa=\box50
\@tempa=\box51
\c@columnbadness=\count108
\c@finalcolumnbadness=\count109
\last@try=\dimen126
\multicolovershoot=\dimen127
\multicolundershoot=\dimen128
\mult@nat@firstbox=\box52
\colbreak@box=\box53
\mc@col@check@num=\count110
)
(c:/texlive/2017/texmf-dist/tex/latex/polyglossia/polyglossia.sty
Package: polyglossia 2015/03/25 v1.42.4 Alternative to Babel for XeLaTeX and Lu
aLaTeX

(c:/texlive/2017/texmf-dist/tex/latex/etoolbox/etoolbox.sty
Package: etoolbox 2017/01/02 v2.4 e-TeX tools for LaTeX (JAW)
\etb@tempcnta=\count111
)
(c:/texlive/2017/texmf-dist/tex/latex/makecmds/makecmds.sty
Package: makecmds 2009/09/03 v1.0a extra command making commands
)
(c:/texlive/2017/texmf-dist/tex/latex/xkeyval/xkeyval.sty
Package: xkeyval 2014/12/03 v2.7a package option processing (HA)

(c:/texlive/2017/texmf-dist/tex/generic/xkeyval/xkeyval.tex
(c:/texlive/2017/texmf-dist/tex/generic/xkeyval/xkvutils.tex
\XKV@toks=\toks22
\XKV@tempa@toks=\toks23
)
\XKV@depth=\count112
File: xkeyval.tex 2014/12/03 v2.7a key=value parser (HA)
))
(c:/texlive/2017/texmf-dist/tex/latex/fontspec/fontspec.sty
(c:/texlive/2017/texmf-dist/tex/latex/l3kernel/expl3.sty
Package: expl3 2017/05/13 L3 programming layer (loader) 

(c:/texlive/2017/texmf-dist/tex/latex/l3kernel/expl3-code.tex
Package: expl3 2017/05/13 L3 programming layer (code)
\c_max_int=\count113
\l_tmpa_int=\count114
\l_tmpb_int=\count115
\g_tmpa_int=\count116
\g_tmpb_int=\count117
\g__prg_map_int=\count118
\c_log_iow=\count119
\l_iow_line_count_int=\count120
\l__iow_line_target_int=\count121
\l__iow_one_indent_int=\count122
\l__iow_indent_int=\count123
\c_zero_dim=\dimen129
\c_max_dim=\dimen130
\l_tmpa_dim=\dimen131
\l_tmpb_dim=\dimen132
\g_tmpa_dim=\dimen133
\g_tmpb_dim=\dimen134
\c_zero_skip=\skip49
\c_max_skip=\skip50
\l_tmpa_skip=\skip51
\l_tmpb_skip=\skip52
\g_tmpa_skip=\skip53
\g_tmpb_skip=\skip54
\c_zero_muskip=\muskip11
\c_max_muskip=\muskip12
\l_tmpa_muskip=\muskip13
\l_tmpb_muskip=\muskip14
\g_tmpa_muskip=\muskip15
\g_tmpb_muskip=\muskip16
\l_keys_choice_int=\count124
\c__fp_leading_shift_int=\count125
\c__fp_middle_shift_int=\count126
\c__fp_trailing_shift_int=\count127
\c__fp_big_leading_shift_int=\count128
\c__fp_big_middle_shift_int=\count129
\c__fp_big_trailing_shift_int=\count130
\c__fp_Bigg_leading_shift_int=\count131
\c__fp_Bigg_middle_shift_int=\count132
\c__fp_Bigg_trailing_shift_int=\count133
\l__sort_length_int=\count134
\l__sort_min_int=\count135
\l__sort_top_int=\count136
\l__sort_max_int=\count137
\l__sort_true_max_int=\count138
\l__sort_block_int=\count139
\l__sort_begin_int=\count140
\l__sort_end_int=\count141
\l__sort_A_int=\count142
\l__sort_B_int=\count143
\l__sort_C_int=\count144
\c_empty_box=\box54
\l_tmpa_box=\box55
\l_tmpb_box=\box56
\g_tmpa_box=\box57
\g_tmpb_box=\box58
\l__box_top_dim=\dimen135
\l__box_bottom_dim=\dimen136
\l__box_left_dim=\dimen137
\l__box_right_dim=\dimen138
\l__box_top_new_dim=\dimen139
\l__box_bottom_new_dim=\dimen140
\l__box_left_new_dim=\dimen141
\l__box_right_new_dim=\dimen142
\l__box_internal_box=\box59
\l__coffin_internal_box=\box60
\l__coffin_internal_dim=\dimen143
\l__coffin_offset_x_dim=\dimen144
\l__coffin_offset_y_dim=\dimen145
\l__coffin_x_dim=\dimen146
\l__coffin_y_dim=\dimen147
\l__coffin_x_prime_dim=\dimen148
\l__coffin_y_prime_dim=\dimen149
\c_empty_coffin=\box61
\l__coffin_aligned_coffin=\box62
\l__coffin_aligned_internal_coffin=\box63
\l_tmpa_coffin=\box64
\l_tmpb_coffin=\box65
\l__coffin_display_coffin=\box66
\l__coffin_display_coord_coffin=\box67
\l__coffin_display_pole_coffin=\box68
\l__coffin_display_offset_dim=\dimen150
\l__coffin_display_x_dim=\dimen151
\l__coffin_display_y_dim=\dimen152
\l__coffin_bounding_shift_dim=\dimen153
\l__coffin_left_corner_dim=\dimen154
\l__coffin_right_corner_dim=\dimen155
\l__coffin_bottom_corner_dim=\dimen156
\l__coffin_top_corner_dim=\dimen157
\l__coffin_scaled_total_height_dim=\dimen158
\l__coffin_scaled_width_dim=\dimen159
)
(c:/texlive/2017/texmf-dist/tex/latex/l3kernel/l3xdvipdfmx.def
File: l3xdvidpfmx.def 2017/03/18 v L3 Experimental driver: xdvipdfmx
\l__driver_tmp_box=\box69
))
(c:/texlive/2017/texmf-dist/tex/latex/l3packages/xparse/xparse.sty
Package: xparse 2017/05/13 L3 Experimental document command parser
\l__xparse_current_arg_int=\count145
\g__xparse_grabber_int=\count146
\l__xparse_m_args_int=\count147
\l__xparse_mandatory_args_int=\count148
\l__xparse_v_nesting_int=\count149
)
Package: fontspec 2017/03/31 v2.6a Font selection for XeLaTeX and LuaLaTeX

(c:/texlive/2017/texmf-dist/tex/latex/fontspec/fontspec-xetex.sty
Package: fontspec-xetex 2017/03/31 v2.6a Font selection for XeLaTeX and LuaLaTe
X
\l__fontspec_script_int=\count150
\l__fontspec_language_int=\count151
\l__fontspec_strnum_int=\count152
\l__fontspec_tmp_int=\count153
\l__fontspec_em_int=\count154
\l__fontspec_emdef_int=\count155
\l__fontspec_strong_int=\count156
\l__fontspec_strongdef_int=\count157
\l__fontspec_tmpa_dim=\dimen160
\l__fontspec_tmpb_dim=\dimen161
\l__fontspec_tmpc_dim=\dimen162
\g__file_internal_ior=\read1

(c:/texlive/2017/texmf-dist/tex/latex/base/fontenc.sty
Package: fontenc 2017/04/05 v2.0i Standard LaTeX package

(c:/texlive/2017/texmf-dist/tex/latex/base/tuenc.def
File: tuenc.def 2017/04/05 v2.0i Standard LaTeX file
LaTeX Font Info:    Redeclaring font encoding TU on input line 82.
))
.................................................
. LaTeX info: "xparse/define-command"
. 
. Defining command \fontspec with sig. 'O{}mO{}' on line 472.
.................................................
.................................................
. LaTeX info: "xparse/define-command"
. 
. Defining command \setmainfont with sig. 'O{}mO{}' on line 483.
.................................................
.................................................
. LaTeX info: "xparse/define-command"
. 
. Defining command \setsansfont with sig. 'O{}mO{}' on line 503.
.................................................
.................................................
. LaTeX info: "xparse/define-command"
. 
. Defining command \setmonofont with sig. 'O{}mO{}' on line 523.
.................................................
.................................................
. LaTeX info: "xparse/define-command"
. 
. Defining command \setromanfont with sig. 'O{}mO{}' on line 543.
.................................................
.................................................
. LaTeX info: "xparse/define-command"
. 
. Defining command \setmathrm with sig. 'O{}mO{}' on line 547.
.................................................
.................................................
. LaTeX info: "xparse/define-command"
. 
. Defining command \setboldmathrm with sig. 'O{}mO{}' on line 555.
.................................................
.................................................
. LaTeX info: "xparse/define-command"
. 
. Defining command \setmathsf with sig. 'O{}mO{}' on line 563.
.................................................
.................................................
. LaTeX info: "xparse/define-command"
. 
. Defining command \setmathtt with sig. 'O{}mO{}' on line 571.
.................................................
.................................................
. LaTeX info: "xparse/define-command"
. 
. Defining command \newfontfamily with sig. 'mO{}mO{}' on line 586.
.................................................
.................................................
. LaTeX info: "xparse/define-command"
. 
. Defining command \newfontface with sig. 'mO{}mO{}' on line 603.
.................................................
.................................................
. LaTeX info: "xparse/define-command"
. 
. Defining command \defaultfontfeatures with sig. 't+om' on line 614.
.................................................
.................................................
. LaTeX info: "xparse/define-command"
. 
. Defining command \addfontfeatures with sig. 'm' on line 645.
.................................................
.................................................
. LaTeX info: "xparse/define-command"
. 
. Defining command \newfontfeature with sig. 'mm' on line 672.
.................................................
.................................................
. LaTeX info: "xparse/define-command"
. 
. Defining command \newAATfeature with sig. 'mmmm' on line 686.
.................................................
.................................................
. LaTeX info: "xparse/define-command"
. 
. Defining command \newopentypefeature with sig. 'mmm' on line 700.
.................................................
.................................................
. LaTeX info: "xparse/define-command"
. 
. Defining command \newICUfeature with sig. 'mmm' on line 720.
.................................................
.................................................
. LaTeX info: "xparse/define-command"
. 
. Defining command \aliasfontfeature with sig. 'mm' on line 724.
.................................................
.................................................
. LaTeX info: "xparse/define-command"
. 
. Defining command \aliasfontfeatureoption with sig. 'mmm' on line 745.
.................................................
.................................................
. LaTeX info: "xparse/define-command"
. 
. Defining command \newfontscript with sig. 'mm' on line 778.
.................................................
.................................................
. LaTeX info: "xparse/define-command"
. 
. Defining command \newfontlanguage with sig. 'mm' on line 782.
.................................................
.................................................
. LaTeX info: "xparse/define-command"
. 
. Defining command \DeclareFontsExtensions with sig. 'm' on line 786.
.................................................
.................................................
. LaTeX info: "xparse/define-command"
. 
. Defining command \IfFontFeatureActiveTF with sig. 'mmm' on line 797.
.................................................
.................................................
. LaTeX info: "xparse/define-command"
. 
. Defining command \EncodingCommand with sig. 'mO{}m' on line 3438.
.................................................
.................................................
. LaTeX info: "xparse/define-command"
. 
. Defining command \EncodingAccent with sig. 'mm' on line 3444.
.................................................
.................................................
. LaTeX info: "xparse/define-command"
. 
. Defining command \EncodingSymbol with sig. 'mm' on line 3450.
.................................................
.................................................
. LaTeX info: "xparse/define-command"
. 
. Defining command \EncodingComposite with sig. 'mmm' on line 3456.
.................................................
.................................................
. LaTeX info: "xparse/define-command"
. 
. Defining command \EncodingCompositeCommand with sig. 'mmm' on line 3462.
.................................................
.................................................
. LaTeX info: "xparse/define-command"
. 
. Defining command \DeclareUnicodeEncoding with sig. 'mm' on line 3487.
.................................................
.................................................
. LaTeX info: "xparse/define-command"
. 
. Defining command \UndeclareSymbol with sig. 'm' on line 3493.
.................................................
.................................................
. LaTeX info: "xparse/define-command"
. 
. Defining command \UndeclareComposite with sig. 'mm' on line 3501.
.................................................

(c:/texlive/2017/texmf-dist/tex/latex/fontspec/fontspec.cfg)
LaTeX Info: Redefining \itshape on input line 3686.
LaTeX Info: Redefining \slshape on input line 3691.
LaTeX Info: Redefining \scshape on input line 3696.
LaTeX Info: Redefining \upshape on input line 3701.
LaTeX Info: Redefining \em on input line 3731.
LaTeX Info: Redefining \emph on input line 3756.
LaTeX Info: Redefining \- on input line 3807.
.................................................
. LaTeX info: "xparse/redefine-command"
. 
. Redefining command \oldstylenums with sig. 'm' on line 3902.
.................................................
.................................................
. LaTeX info: "xparse/define-command"
. 
. Defining command \liningnums with sig. 'm' on line 3906.
.................................................
))
(c:/texlive/2017/texmf-dist/tex/generic/oberdiek/ifluatex.sty
Package: ifluatex 2016/05/16 v1.4 Provides the ifluatex switch (HO)
Package ifluatex Info: LuaTeX not detected.
)
\xpg@normalclass=\XeTeXcharclass1
)
\g__fontspec_family_KhmerOSContent_int=\count158
.................................................
. fontspec info: "no-font-shape"
. 
. Could not resolve font "Khmer OS Content/BI" (it probably doesn't exist).
.................................................
.................................................
. fontspec info: "no-font-shape"
. 
. Could not resolve font "Khmer OS Content/B" (it probably doesn't exist).
.................................................
.................................................
. fontspec info: "no-font-shape"
. 
. Could not resolve font "Khmer OS Content/I" (it probably doesn't exist).
.................................................
.................................................
. fontspec info: "defining-font"
. 
. Font family 'KhmerOSContent(0)' created for font 'Khmer OS Content' with
. options [Script=Khmer].
.  
.  This font family consists of the following NFSS series/shapes:
.  
. - 'normal' (m/n) with NFSS spec.: <->"Khmer OS
. Content/OT:script=khmr;language=DFLT;"
. - 'small caps'  (m/sc) with NFSS spec.: 
.................................................
\g__fontspec_family_LatinModernRoman_int=\count159
.................................................
. fontspec info: "defining-font"
. 
. Font family 'LatinModernRoman(0)' created for font 'Latin Modern Roman' with
. options [].
.  
.  This font family consists of the following NFSS series/shapes:
.  
. - 'normal' (m/n) with NFSS spec.: <->"Latin Modern
. Roman/OT:script=latn;language=DFLT;"
. - 'small caps'  (m/sc) with NFSS spec.: 
. - 'bold' (bx/n) with NFSS spec.: <->"Latin Modern
. Roman/B/OT:script=latn;language=DFLT;"
. - 'bold small caps'  (bx/sc) with NFSS spec.: 
. - 'italic' (m/it) with NFSS spec.: <->"Latin Modern
. Roman/I/OT:script=latn;language=DFLT;"
. - 'italic small caps'  (m/itsc) with NFSS spec.: 
. - 'bold italic' (bx/it) with NFSS spec.: <->"Latin Modern
. Roman/BI/OT:script=latn;language=DFLT;"
. - 'bold italic small caps'  (bx/itsc) with NFSS spec.: 
.................................................

(c:/texlive/2017/texmf-dist/tex/latex/polyglossia/gloss-khmer.ldf
File: gloss-khmer.ldf polyglossia: module for Khmer


Package polyglossia Warning: No hyphenation patterns were loaded for `Khmer'
(polyglossia)                I will use \language=\l@nohyphenation instead on i
nput line 8.

\l@khmer = a dialect from \language\l@nohyphenation 
)
Package polyglossia Info: Default language is khmer.
.................................................
. fontspec info: "no-font-shape"
. 
. Could not resolve font "Khmer OS Content/BI" (it probably doesn't exist).
.................................................
.................................................
. fontspec info: "no-font-shape"
. 
. Could not resolve font "Khmer OS Content/B" (it probably doesn't exist).
.................................................
.................................................
. fontspec info: "no-font-shape"
. 
. Could not resolve font "Khmer OS Content/I" (it probably doesn't exist).
.................................................
.................................................
. fontspec info: "defining-font"
. 
. Font family 'KhmerOSContent(1)' created for font 'Khmer OS Content' with
. options [Ligatures=TeX,Script=Khmer].
.  
.  This font family consists of the following NFSS series/shapes:
.  
. - 'normal' (m/n) with NFSS spec.: <->"Khmer OS
. Content/OT:script=khmr;language=DFLT;mapping=tex-text;"
. - 'small caps'  (m/sc) with NFSS spec.: 
.................................................
LaTeX Info: Redefining \sffamily on input line 11.
.................................................
. fontspec info: "no-font-shape"
. 
. Could not resolve font "Khmer OS Content/BI" (it probably doesn't exist).
.................................................
.................................................
. fontspec info: "no-font-shape"
. 
. Could not resolve font "Khmer OS Content/B" (it probably doesn't exist).
.................................................
.................................................
. fontspec info: "no-font-shape"
. 
. Could not resolve font "Khmer OS Content/I" (it probably doesn't exist).
.................................................
.................................................
. fontspec info: "defining-font"
. 
. Font family 'KhmerOSContent(2)' created for font 'Khmer OS Content' with
. options
. [WordSpace={1,0,0},HyphenChar=None,PunctuationSpace=WordSpace,Script=Khmer].
.  
.  This font family consists of the following NFSS series/shapes:
.  
. - 'normal' (m/n) with NFSS spec.: <->"Khmer OS
. Content/OT:script=khmr;language=DFLT;"
. - 'small caps'  (m/sc) with NFSS spec.: 
. and font adjustment code:
. \fontdimen 2\font =1\fontdimen 2\font \fontdimen 3\font =0\fontdimen 3\font
. \fontdimen 4\font =0\fontdimen 4\font \fontdimen 7\font =0\fontdimen 2\font
. \hyphenchar \font =\c_minus_one 
.................................................
LaTeX Info: Redefining \ttfamily on input line 12.
 (c:/texlive/2017/texmf-dist/tex/xelatex/ucharclasses/ucharclasses.sty
Package: ucharclasses 2016/04/25 v2.2.1 Unicode block character classes for XeL
aTeX
\AegeanNumbersClass=\XeTeXcharclass2
\AlphabeticPresentationFormsClass=\XeTeXcharclass3
\AncientGreekMusicalNotationClass=\XeTeXcharclass4
\AncientGreekNumbersClass=\XeTeXcharclass5
\AncientSymbolsClass=\XeTeXcharclass6
\ArabicClass=\XeTeXcharclass7
\ArabicPresentationFormsAClass=\XeTeXcharclass8
\ArabicPresentationFormsBClass=\XeTeXcharclass9
\ArabicSupplementClass=\XeTeXcharclass10
\ArmenianClass=\XeTeXcharclass11
\ArrowsClass=\XeTeXcharclass12
\BalineseClass=\XeTeXcharclass13
\BasicLatinClass=\XeTeXcharclass14
\BengaliClass=\XeTeXcharclass15
\BlockElementsClass=\XeTeXcharclass16
\BopomofoClass=\XeTeXcharclass17
\BopomofoExtendedClass=\XeTeXcharclass18
\BoxDrawingClass=\XeTeXcharclass19
\BraillePatternsClass=\XeTeXcharclass20
\BugineseClass=\XeTeXcharclass21
\BuhidClass=\XeTeXcharclass22
\ByzantineMusicalSymbolsClass=\XeTeXcharclass23
\CarianClass=\XeTeXcharclass24
\ChamClass=\XeTeXcharclass25
\CherokeeClass=\XeTeXcharclass26
\CJKCompatibilityClass=\XeTeXcharclass27
\CJKCompatibilityFormsClass=\XeTeXcharclass28
\CJKCompatibilityIdeographsClass=\XeTeXcharclass29
\CJKCompatibilityIdeographsSupplementClass=\XeTeXcharclass30
\CJKRadicalsSupplementClass=\XeTeXcharclass31
\CJKStrokesClass=\XeTeXcharclass32
\CJKSymbolsAndPunctuationClass=\XeTeXcharclass33
\CJKUnifiedIdeographsClass=\XeTeXcharclass34
\CJKUnifiedIdeographsExtensionAClass=\XeTeXcharclass35
\CJKUnifiedIdeographsExtensionBClass=\XeTeXcharclass36
\CombiningDiacriticalMarksClass=\XeTeXcharclass37
\CombiningDiacriticalMarksForSymbolsClass=\XeTeXcharclass38
\CombiningDiacriticalMarksSupplementClass=\XeTeXcharclass39
\CombiningHalfMarksClass=\XeTeXcharclass40
\ControlPicturesClass=\XeTeXcharclass41
\CopticClass=\XeTeXcharclass42
\CountingRodNumeralsClass=\XeTeXcharclass43
\CuneiformClass=\XeTeXcharclass44
\CuneiformNumbersAndPunctuationClass=\XeTeXcharclass45
\CurrencySymbolsClass=\XeTeXcharclass46
\CypriotSyllabaryClass=\XeTeXcharclass47
\CyrillicClass=\XeTeXcharclass48
\CyrillicExtendedAClass=\XeTeXcharclass49
\CyrillicExtendedBClass=\XeTeXcharclass50
\CyrillicSupplementClass=\XeTeXcharclass51
\DeseretClass=\XeTeXcharclass52
\DevanagariClass=\XeTeXcharclass53
\DingbatsClass=\XeTeXcharclass54
\DominoTilesClass=\XeTeXcharclass55
\EnclosedAlphanumericsClass=\XeTeXcharclass56
\EnclosedCJKLettersAndMonthsClass=\XeTeXcharclass57
\EthiopicClass=\XeTeXcharclass58
\EthiopicExtendedClass=\XeTeXcharclass59
\EthiopicSupplementClass=\XeTeXcharclass60
\GeneralPunctuationClass=\XeTeXcharclass61
\GeometricShapesClass=\XeTeXcharclass62
\GeorgianClass=\XeTeXcharclass63
\GeorgianSupplementClass=\XeTeXcharclass64
\GlagoliticClass=\XeTeXcharclass65
\GothicClass=\XeTeXcharclass66
\GreekAndCopticClass=\XeTeXcharclass67
\GreekExtendedClass=\XeTeXcharclass68
\GujaratiClass=\XeTeXcharclass69
\GurmukhiClass=\XeTeXcharclass70
\HalfwidthAndFullwidthFormsClass=\XeTeXcharclass71
\HangulCompatibilityJamoClass=\XeTeXcharclass72
\HangulJamoClass=\XeTeXcharclass73
\HangulSyllablesClass=\XeTeXcharclass74
\HanunooClass=\XeTeXcharclass75
\HebrewClass=\XeTeXcharclass76
\HiraganaClass=\XeTeXcharclass77
\IdeographicDescriptionCharactersClass=\XeTeXcharclass78
\IPAExtensionsClass=\XeTeXcharclass79
\KanbunClass=\XeTeXcharclass80
\KangxiRadicalsClass=\XeTeXcharclass81
\KannadaClass=\XeTeXcharclass82
\KatakanaClass=\XeTeXcharclass83
\KatakanaPhoneticExtensionsClass=\XeTeXcharclass84
\KayahLiClass=\XeTeXcharclass85
\KharoshthiClass=\XeTeXcharclass86
\KhmerClass=\XeTeXcharclass87
\KhmerSymbolsClass=\XeTeXcharclass88
\LaoClass=\XeTeXcharclass89
\LatinExtendedAdditionalClass=\XeTeXcharclass90
\LatinExtendedAClass=\XeTeXcharclass91
\LatinExtendedBClass=\XeTeXcharclass92
\LatinExtendedCClass=\XeTeXcharclass93
\LatinExtendedDClass=\XeTeXcharclass94
\LatinSupplementClass=\XeTeXcharclass95
\LepchaClass=\XeTeXcharclass96
\LetterlikeSymbolsClass=\XeTeXcharclass97
\LimbuClass=\XeTeXcharclass98
\LinearBIdeogramsClass=\XeTeXcharclass99
\LinearBSyllabaryClass=\XeTeXcharclass100
\LycianClass=\XeTeXcharclass101
\LydianClass=\XeTeXcharclass102
\MahjongTilesClass=\XeTeXcharclass103
\MalayalamClass=\XeTeXcharclass104
\MathematicalAlphanumericSymbolsClass=\XeTeXcharclass105
\MathematicalOperatorsClass=\XeTeXcharclass106
\MiscellaneousMathematicalSymbolsAClass=\XeTeXcharclass107
\MiscellaneousMathematicalSymbolsBClass=\XeTeXcharclass108
\MiscellaneousSymbolsClass=\XeTeXcharclass109
\MiscellaneousSymbolsAndArrowsClass=\XeTeXcharclass110
\MiscellaneousTechnicalClass=\XeTeXcharclass111
\ModifierToneLettersClass=\XeTeXcharclass112
\MongolianClass=\XeTeXcharclass113
\MusicalSymbolsClass=\XeTeXcharclass114
\MyanmarClass=\XeTeXcharclass115
\NewTaiLueClass=\XeTeXcharclass116
\NKoClass=\XeTeXcharclass117
\NumberFormsClass=\XeTeXcharclass118
\OghamClass=\XeTeXcharclass119
\OlChikiClass=\XeTeXcharclass120
\OldItalicClass=\XeTeXcharclass121
\OldPersianClass=\XeTeXcharclass122
\OpticalCharacterRecognitionClass=\XeTeXcharclass123
\OriyaClass=\XeTeXcharclass124
\OsmanyaClass=\XeTeXcharclass125
\PhagsPaClass=\XeTeXcharclass126
\PhaistosDiscClass=\XeTeXcharclass127
\PhoenicianClass=\XeTeXcharclass128
\PhoneticExtensionsClass=\XeTeXcharclass129
\PhoneticExtensionsSupplementClass=\XeTeXcharclass130
\PrivateUseAreaClass=\XeTeXcharclass131
\RejangClass=\XeTeXcharclass132
\RunicClass=\XeTeXcharclass133
\SaurashtraClass=\XeTeXcharclass134
\ShavianClass=\XeTeXcharclass135
\SinhalaClass=\XeTeXcharclass136
\SmallFormVariantsClass=\XeTeXcharclass137
\SpacingModifierLettersClass=\XeTeXcharclass138
\SundaneseClass=\XeTeXcharclass139
\SuperscriptsAndSubscriptsClass=\XeTeXcharclass140
\SupplementalArrowsAClass=\XeTeXcharclass141
\SupplementalArrowsBClass=\XeTeXcharclass142
\SupplementalMathematicalOperatorsClass=\XeTeXcharclass143
\SupplementalPunctuationClass=\XeTeXcharclass144
\SylotiNagriClass=\XeTeXcharclass145
\SyriacClass=\XeTeXcharclass146
\TagalogClass=\XeTeXcharclass147
\TagbanwaClass=\XeTeXcharclass148
\TagsClass=\XeTeXcharclass149
\TaiLeClass=\XeTeXcharclass150
\TaiXuanJingSymbolsClass=\XeTeXcharclass151
\TamilClass=\XeTeXcharclass152
\TeluguClass=\XeTeXcharclass153
\ThaanaClass=\XeTeXcharclass154
\ThaiClass=\XeTeXcharclass155
\TibetanClass=\XeTeXcharclass156
\TifinaghClass=\XeTeXcharclass157
\UgariticClass=\XeTeXcharclass158
\UnifiedCanadianAboriginalSyllabicsClass=\XeTeXcharclass159
\VaiClass=\XeTeXcharclass160
\VerticalFormsClass=\XeTeXcharclass161
\YiRadicalsClass=\XeTeXcharclass162
\YiSyllablesClass=\XeTeXcharclass163
\YijingHexagramSymbolsClass=\XeTeXcharclass164
\AvestanClass=\XeTeXcharclass165
\BamumClass=\XeTeXcharclass166
\CJKUnifiedIdeographsExtensionCClass=\XeTeXcharclass167
\CommonIndicNumberFormsClass=\XeTeXcharclass168
\DevanagariExtendedClass=\XeTeXcharclass169
\EgyptianHieroglyphsClass=\XeTeXcharclass170
\EnclosedAlphanumericSupplementClass=\XeTeXcharclass171
\EnclosedIdeographicSupplementClass=\XeTeXcharclass172
\HangulJamoExtendedAClass=\XeTeXcharclass173
\HangulJamoExtendedBClass=\XeTeXcharclass174
\ImperialAramaicClass=\XeTeXcharclass175
\InscriptionalPahlaviClass=\XeTeXcharclass176
\InscriptionalParthianClass=\XeTeXcharclass177
\JavaneseClass=\XeTeXcharclass178
\KaithiClass=\XeTeXcharclass179
\LisuClass=\XeTeXcharclass180
\MeeteiMayekClass=\XeTeXcharclass181
\MyanmarExtendedAClass=\XeTeXcharclass182
\OldSouthArabianClass=\XeTeXcharclass183
\OldTurkicClass=\XeTeXcharclass184
\RumiNumeralSymbolsClass=\XeTeXcharclass185
\SamaritanClass=\XeTeXcharclass186
\TaiThamClass=\XeTeXcharclass187
\TaiVietClass=\XeTeXcharclass188
\UnifiedCanadianAboriginalSyllabicsExtendedClass=\XeTeXcharclass189
\VedicExtensionsClass=\XeTeXcharclass190
\AlchemicalSymbolsClass=\XeTeXcharclass191
\BamumSupplementClass=\XeTeXcharclass192
\BatakClass=\XeTeXcharclass193
\BrahmiClass=\XeTeXcharclass194
\CJKUnifiedIdeographsExtensionDClass=\XeTeXcharclass195
\EmoticonsClass=\XeTeXcharclass196
\EthiopicExtendedAClass=\XeTeXcharclass197
\KanaSupplementClass=\XeTeXcharclass198
\MandaicClass=\XeTeXcharclass199
\MiscellaneousSymbolsAndPictographsClass=\XeTeXcharclass200
\PlayingCardsClass=\XeTeXcharclass201
\TransportAndMapSymbolsClass=\XeTeXcharclass202
\ArabicExtendedAClass=\XeTeXcharclass203
\ArabicMathematicalAlphabeticSymbolsClass=\XeTeXcharclass204
\ChakmaClass=\XeTeXcharclass205
\MeeteiMayekExtensionsClass=\XeTeXcharclass206
\MeroiticCursiveClass=\XeTeXcharclass207
\MeroiticHieroglyphsClass=\XeTeXcharclass208
\MiaoClass=\XeTeXcharclass209
\SharadaClass=\XeTeXcharclass210
\SoraSompengClass=\XeTeXcharclass211
\SundaneseSupplementClass=\XeTeXcharclass212
\TakriClass=\XeTeXcharclass213
\BassaVahClass=\XeTeXcharclass214
\CaucasianAlbanianClass=\XeTeXcharclass215
\CombiningDiacriticalMarksExtendedClass=\XeTeXcharclass216
\CopticEpactNumbersClass=\XeTeXcharclass217
\ElbasanClass=\XeTeXcharclass218
\GeometricShapesExtendedClass=\XeTeXcharclass219
\GranthaClass=\XeTeXcharclass220
\KhojkiClass=\XeTeXcharclass221
\KhudawadiClass=\XeTeXcharclass222
\LatinExtendedEClass=\XeTeXcharclass223
\LinearAClass=\XeTeXcharclass224
\MahajaniClass=\XeTeXcharclass225
\ManichaeanClass=\XeTeXcharclass226
\MendeKikakuiClass=\XeTeXcharclass227
\ModiClass=\XeTeXcharclass228
\MroClass=\XeTeXcharclass229
\MyanmarExtendedBClass=\XeTeXcharclass230
\NabataeanClass=\XeTeXcharclass231
\OldNorthArabianClass=\XeTeXcharclass232
\OldPermicClass=\XeTeXcharclass233
\OrnamentalDingbatsClass=\XeTeXcharclass234
\PahawhHmongClass=\XeTeXcharclass235
\PalmyreneClass=\XeTeXcharclass236
\PauCinHauClass=\XeTeXcharclass237
\PsalterPahlaviClass=\XeTeXcharclass238
\SiddhamClass=\XeTeXcharclass239
\SinhalaArchaicNumbersClass=\XeTeXcharclass240
\SupplementalArrowsCClass=\XeTeXcharclass241
\TirhutaClass=\XeTeXcharclass242
\WarangCitiClass=\XeTeXcharclass243
\AhomClass=\XeTeXcharclass244
\AnatolianHieroglyphsClass=\XeTeXcharclass245
\CherokeeSupplementClass=\XeTeXcharclass246
\CJKUnifiedIdeographsExtensionEClass=\XeTeXcharclass247
\EarlyDynasticCuneiformClass=\XeTeXcharclass248
\HatranClass=\XeTeXcharclass249
\MultaniClass=\XeTeXcharclass250
\OldHungarianClass=\XeTeXcharclass251
\SupplementalSymbolsAndPictographsClass=\XeTeXcharclass252
\SupplementaryPrivateUseAreaAClass=\XeTeXcharclass253
\SupplementaryPrivateUseAreaBClass=\XeTeXcharclass254
\DuployanClass=\XeTeXcharclass255
\ShorthandFormatControlsClass=\XeTeXcharclass256
\SuttonSignWritingClass=\XeTeXcharclass257
)
(c:/texlive/2017/texmf-dist/tex/latex/xcolor/xcolor.sty
Package: xcolor 2016/05/11 v2.12 LaTeX color extensions (UK)

(c:/texlive/2017/texmf-dist/tex/latex/graphics-cfg/color.cfg
File: color.cfg 2016/01/02 v1.6 sample color configuration
)
Package xcolor Info: Driver file: xetex.def on input line 225.

(c:/texlive/2017/texmf-dist/tex/latex/graphics-def/xetex.def
File: xetex.def 2016/07/11 v4.10 LaTeX color/graphics driver for XeTeX (L3/RRM/
JK)
)
Package xcolor Info: Model `cmy' substituted by `cmy0' on input line 1348.
Package xcolor Info: Model `RGB' extended on input line 1364.
Package xcolor Info: Model `HTML' substituted by `rgb' on input line 1366.
Package xcolor Info: Model `Hsb' substituted by `hsb' on input line 1367.
Package xcolor Info: Model `tHsb' substituted by `hsb' on input line 1368.
Package xcolor Info: Model `HSB' substituted by `hsb' on input line 1369.
Package xcolor Info: Model `Gray' substituted by `gray' on input line 1370.
Package xcolor Info: Model `wave' substituted by `hsb' on input line 1371.
) (./homework.aux)
\openout1 = `homework.aux'.

LaTeX Font Info:    Checking defaults for OML/cmm/m/it on input line 27.
LaTeX Font Info:    ... okay on input line 27.
LaTeX Font Info:    Checking defaults for T1/cmr/m/n on input line 27.
LaTeX Font Info:    ... okay on input line 27.
LaTeX Font Info:    Checking defaults for OT1/cmr/m/n on input line 27.
LaTeX Font Info:    ... okay on input line 27.
LaTeX Font Info:    Checking defaults for OMS/cmsy/m/n on input line 27.
LaTeX Font Info:    ... okay on input line 27.
LaTeX Font Info:    Checking defaults for TU/lmr/m/n on input line 27.
LaTeX Font Info:    ... okay on input line 27.
LaTeX Font Info:    Checking defaults for OMX/cmex/m/n on input line 27.
LaTeX Font Info:    ... okay on input line 27.
LaTeX Font Info:    Checking defaults for U/cmr/m/n on input line 27.
LaTeX Font Info:    ... okay on input line 27.
*geometry* driver: auto-detecting
*geometry* detected driver: xetex
*geometry* verbose mode - [ preamble ] result:
* driver: xetex
* paper: a4paper
* layout: <same size as paper>
* layoutoffset:(h,v)=(0.0pt,0.0pt)
* modes: 
* h-part:(L,W,R)=(7.22743pt, 583.05301pt, 7.22743pt)
* v-part:(T,H,B)=(28.90755pt, 787.23175pt, 28.90755pt)
* \paperwidth=597.50787pt
* \paperheight=845.04684pt
* \textwidth=583.05301pt
* \textheight=787.23175pt
* \oddsidemargin=-65.04256pt
* \evensidemargin=-65.04256pt
* \topmargin=-43.36244pt
* \headheight=0.0pt
* \headsep=0.0pt
* \topskip=12.0pt
* \footskip=30.0pt
* \marginparwidth=35.0pt
* \marginparsep=10.0pt
* \columnsep=10.0pt
* \skip\footins=10.8pt plus 4.0pt minus 2.0pt
* \hoffset=0.0pt
* \voffset=0.0pt
* \mag=1000
* \@twocolumnfalse
* \@twosidefalse
* \@mparswitchfalse
* \@reversemarginfalse
* (1in=72.27pt=25.4mm, 1cm=28.453pt)


LaTeX Font Warning: Font shape `TU/KhmerOSContent(0)/bx/n' undefined
(Font)              using `TU/KhmerOSContent(0)/m/n' instead on input line 28.

LaTeX Font Info:    Try loading font information for OT1+ppl on input line 30.
(c:/texlive/2017/texmf-dist/tex/latex/psnfss/ot1ppl.fd
File: ot1ppl.fd 2001/06/04 font definitions for OT1/ppl.
)
LaTeX Font Info:    Try loading font information for OML+zplm on input line 30.


(c:/texlive/2017/texmf-dist/tex/latex/psnfss/omlzplm.fd
File: omlzplm.fd 2002/09/08 Fontinst v1.914 font definitions for OML/zplm.
)
LaTeX Font Info:    Try loading font information for OMS+zplm on input line 30.


(c:/texlive/2017/texmf-dist/tex/latex/psnfss/omszplm.fd
File: omszplm.fd 2002/09/08 Fontinst v1.914 font definitions for OMS/zplm.
)
LaTeX Font Info:    Try loading font information for OMX+zplm on input line 30.


(c:/texlive/2017/texmf-dist/tex/latex/psnfss/omxzplm.fd
File: omxzplm.fd 2002/09/08 Fontinst v1.914 font definitions for OMX/zplm.
)
LaTeX Font Info:    Font shape `U/msa/m/n' will be
(Font)              scaled to size 12.50409pt on input line 30.
LaTeX Font Info:    Font shape `U/msa/m/n' will be
(Font)              scaled to size 9.37807pt on input line 30.
LaTeX Font Info:    Font shape `U/msa/m/n' will be
(Font)              scaled to size 7.29405pt on input line 30.
LaTeX Font Info:    Font shape `U/msb/m/n' will be
(Font)              scaled to size 12.50409pt on input line 30.
LaTeX Font Info:    Font shape `U/msb/m/n' will be
(Font)              scaled to size 9.37807pt on input line 30.
LaTeX Font Info:    Font shape `U/msb/m/n' will be
(Font)              scaled to size 7.29405pt on input line 30.
LaTeX Font Info:    Try loading font information for OT1+zplm on input line 30.


(c:/texlive/2017/texmf-dist/tex/latex/psnfss/ot1zplm.fd
File: ot1zplm.fd 2002/09/08 Fontinst v1.914 font definitions for OT1/zplm.
) [1

] (./homework.aux)

LaTeX Font Warning: Some font shapes were not available, defaults substituted.

 ) 
Here is how much of TeX's memory you used:
 13235 strings out of 493005
 270446 string characters out of 6137955
 433420 words of memory out of 5000000
 17108 multiletter control sequences out of 15000+600000
 10638 words of font info for 48 fonts, out of 8000000 for 9000
 1348 hyphenation exceptions out of 8191
 41i,5n,66p,10446b,291s stack positions out of 5000i,500n,10000p,200000b,80000s

Error 1 (driver return code) generating output;
file homework.pdf may not be valid.
